生成启动时间为 2018/1/6 11:08:30。
     1>项目“E:\llj\code\Vector Graph Rander\code-experiment\code\gpu-scanline\gpu-scanline.vcxproj”在节点 2 上(Build 个目标)。
     1>ClCompile:
         D:\vs2013\VC\bin\x86_amd64\CL.exe /c /I"C:\Program Files\NVIDIA GPU Computing Toolkit\CUDA\v8.0\include" /Zi /nologo /W3 /WX /sdl /O2 /Oi /Ot /GL /D NDEBUG /D _CONSOLE /D _UNICODE /D UNICODE /Gm- /EHsc /MD /GS /Gy /fp:precise /Zc:wchar_t /Zc:forScope /Fo"x64\Release\\" /Fd"x64\Release\vc120.pdb" /Gd /TP /wd4819 /errorReport:prompt src\rvg.cpp
         rvg.cpp
       Link:
         D:\vs2013\VC\bin\x86_amd64\link.exe /ERRORREPORT:PROMPT /OUT:"E:\llj\code\Vector Graph Rander\code-experiment\code\x64\Release\gpu-scanline.exe" /INCREMENTAL:NO /NOLOGO /LIBPATH:"C:\Program Files\NVIDIA GPU Computing Toolkit\CUDA\v8.0\lib\x64" opengl32.lib glu32.lib SDL2.lib SDL2main.lib cudart.lib kernel32.lib user32.lib gdi32.lib winspool.lib comdlg32.lib advapi32.lib shell32.lib ole32.lib oleaut32.lib uuid.lib odbc32.lib odbccp32.lib /MANIFEST /MANIFESTUAC:"level='asInvoker' uiAccess='false'" /manifest:embed /DEBUG /PDB:"E:\llj\code\Vector Graph Rander\code-experiment\code\x64\Release\gpu-scanline.pdb" /SUBSYSTEM:CONSOLE /OPT:REF /OPT:ICF /LTCG /TLBID:1 /DYNAMICBASE /NXCOMPAT /IMPLIB:"E:\llj\code\Vector Graph Rander\code-experiment\code\x64\Release\gpu-scanline.lib" /MACHINE:X64 x64\Release\animation.cu.obj
         x64\Release\ras_cut_mask_comb_scanline.cu.obj
         x64\Release\ras_qm_mask.cu.obj
         x64\Release\cuda_sort.cu.obj
         x64\Release\ras_base.cu.obj
         x64\Release\ras_cut.cu.obj
         x64\Release\thrust_impl_scan.cu.obj
         x64\Release\bezier_curve.obj
         x64\Release\config.obj
         x64\Release\ras_cut_mask_comb_scanline.obj
         x64\Release\text_util.obj
         x64\Release\vg_config.obj
         x64\Release\cuda_cached_allocator.obj
         x64\Release\gl_4_5_compatibility.obj
         x64\Release\stb_impl.obj
         x64\Release\bitmap.obj
         x64\Release\camera_3d.obj
         x64\Release\camera_controller_3d.obj
         x64\Release\file.obj
         x64\Release\glgui.obj
         x64\Release\glpp.obj
         x64\Release\ras_base.obj
         x64\Release\rvg.obj
         x64\Release\rvg_loader.obj
         x64\Release\svg.obj
         x64\Release\svg_load.obj
         x64\Release\svg_loader.obj
         x64\Release\vg_main.obj
         x64\Release\vg_container.obj
         正在生成代码
         已完成代码的生成
         gpu-scanline.vcxproj -> E:\llj\code\Vector Graph Rander\code-experiment\code\x64\Release\gpu-scanline.exe
     1>已完成生成项目“E:\llj\code\Vector Graph Rander\code-experiment\code\gpu-scanline\gpu-scanline.vcxproj”(Build 个目标)的操作。

生成成功。

已用时间 00:00:30.35
