f:\llj\code\asyn scanline\gpu-scanline\x64\release\vc141.pdb
f:\llj\code\asyn scanline\gpu-scanline\x64\release\vg_container.obj
f:\llj\code\asyn scanline\gpu-scanline\x64\release\vg_main.obj
f:\llj\code\asyn scanline\gpu-scanline\x64\release\svg_loader.obj
f:\llj\code\asyn scanline\gpu-scanline\x64\release\svg_load.obj
f:\llj\code\asyn scanline\gpu-scanline\x64\release\svg.obj
f:\llj\code\asyn scanline\gpu-scanline\x64\release\rvg_loader.obj
f:\llj\code\asyn scanline\gpu-scanline\x64\release\rvg.obj
f:\llj\code\asyn scanline\gpu-scanline\x64\release\ras_base.obj
f:\llj\code\asyn scanline\gpu-scanline\x64\release\glpp.obj
f:\llj\code\asyn scanline\gpu-scanline\x64\release\file.obj
f:\llj\code\asyn scanline\gpu-scanline\x64\release\camera_controller_3d.obj
f:\llj\code\asyn scanline\gpu-scanline\x64\release\camera_3d.obj
f:\llj\code\asyn scanline\gpu-scanline\x64\release\bitmap.obj
f:\llj\code\asyn scanline\gpu-scanline\x64\release\cuda_cached_allocator.obj
f:\llj\code\asyn scanline\gpu-scanline\x64\release\vg_config.obj
f:\llj\code\asyn scanline\gpu-scanline\x64\release\text_util.obj
f:\llj\code\asyn scanline\gpu-scanline\x64\release\ras_cut_mask_comb_scanline.obj
f:\llj\code\asyn scanline\gpu-scanline\x64\release\config.obj
f:\llj\code\asyn scanline\gpu-scanline\x64\release\bezier_curve.obj
f:\llj\code\asyn scanline\gpu-scanline\x64\release\vc140.pdb
f:\llj\code\asyn scanline\gpu-scanline\x64\release\glgui.obj
f:\llj\code\asyn scanline\gpu-scanline\x64\release\stb_impl.obj
f:\llj\code\asyn scanline\gpu-scanline\x64\release\gl_4_5_compatibility.obj
f:\llj\code\asyn scanline\x64\release\gpu-scanline.exe
f:\llj\code\asyn scanline\x64\release\gpu-scanline.ipdb
f:\llj\code\asyn scanline\x64\release\gpu-scanline.iobj
f:\llj\code\asyn scanline\x64\release\gpu-scanline.pdb
f:\llj\code\asyn scanline\gpu-scanline\x64\release\animation.cu.cache
f:\llj\code\asyn scanline\gpu-scanline\x64\release\cuda_sort.cu.cache
f:\llj\code\asyn scanline\gpu-scanline\x64\release\ras_base.cu.cache
f:\llj\code\asyn scanline\gpu-scanline\x64\release\ras_cut.cu.cache
f:\llj\code\asyn scanline\gpu-scanline\x64\release\ras_cut_mask_comb_scanline.cu.cache
f:\llj\code\asyn scanline\gpu-scanline\x64\release\ras_qm_mask.cu.cache
f:\llj\code\asyn scanline\gpu-scanline\x64\release\thrust_impl_scan.cu.cache
f:\llj\code\asyn scanline\gpu-scanline\x64\release\animation.cu.obj
f:\llj\code\asyn scanline\gpu-scanline\x64\release\cuda_sort.cu.obj
f:\llj\code\asyn scanline\gpu-scanline\x64\release\ras_base.cu.obj
f:\llj\code\asyn scanline\gpu-scanline\x64\release\ras_cut.cu.obj
f:\llj\code\asyn scanline\gpu-scanline\x64\release\ras_cut_mask_comb_scanline.cu.obj
f:\llj\code\asyn scanline\gpu-scanline\x64\release\ras_qm_mask.cu.obj
f:\llj\code\asyn scanline\gpu-scanline\x64\release\thrust_impl_scan.cu.obj
f:\llj\code\asyn scanline\gpu-scanline\x64\release\gpu-scanline.tlog\cl.command.1.tlog
f:\llj\code\asyn scanline\gpu-scanline\x64\release\gpu-scanline.tlog\cl.read.1.tlog
f:\llj\code\asyn scanline\gpu-scanline\x64\release\gpu-scanline.tlog\cl.write.1.tlog
f:\llj\code\asyn scanline\gpu-scanline\x64\release\gpu-scanline.tlog\link.command.1.tlog
f:\llj\code\asyn scanline\gpu-scanline\x64\release\gpu-scanline.tlog\link.read.1.tlog
f:\llj\code\asyn scanline\gpu-scanline\x64\release\gpu-scanline.tlog\link.write.1.tlog
